app/build/intermediates/manifest_merge_blame_file/release/manifest-merger-blame-release-report.txt
1<?xml version="1.0" encoding="utf-8"?>
2<manifest xmlns:android="http://schemas.android.com/apk/res/android"
3    package="com.celex.rider"
4    android:versionCode="33"
5    android:versionName="3.3" >
6
7    <uses-sdk
8        android:minSdkVersion="19"
8-->src\main\AndroidManifest.xml
9        android:targetSdkVersion="31" />
9-->src\main\AndroidManifest.xml
10
11    <uses-feature android:name="android.hardware.camera" />
11-->src\main\AndroidManifest.xml:6:5-60
11-->src\main\AndroidManifest.xml:6:19-57
12    <uses-feature android:name="android.hardware.camera.autofocus" />
12-->src\main\AndroidManifest.xml:7:5-70
12-->src\main\AndroidManifest.xml:7:19-67
13
14    <uses-permission android:name="com.google.android.c2dm.permission.SEND" />
14-->src\main\AndroidManifest.xml:9:5-79
14-->src\main\AndroidManifest.xml:9:22-76
15    <uses-permission android:name="android.permission.INTERNET" />
15-->src\main\AndroidManifest.xml:10:5-67
15-->src\main\AndroidManifest.xml:10:22-64
16    <uses-permission android:name="com.google.android.providers.gsf.permission.READ_GSERVICES" /> <!-- <uses-permission android:name="android.permission.ACCESS_BACKGROUND_LOCATION" /> -->
16-->src\main\AndroidManifest.xml:11:5-98
16-->src\main\AndroidManifest.xml:11:22-95
17    <uses-permission android:name="android.permission.ACCESS_COARSE_LOCATION" />
17-->src\main\AndroidManifest.xml:12:5-81
17-->src\main\AndroidManifest.xml:12:22-78
18    <uses-permission android:name="android.permission.ACCESS_NETWORK_STATE" />
18-->src\main\AndroidManifest.xml:13:5-79
18-->src\main\AndroidManifest.xml:13:22-76
19    <uses-permission android:name="android.permission.ACCESS_FINE_LOCATION" />
19-->src\main\AndroidManifest.xml:14:5-79
19-->src\main\AndroidManifest.xml:14:22-76
20    <uses-permission android:name="android.permission.CAMERA" />
20-->src\main\AndroidManifest.xml:15:5-65
20-->src\main\AndroidManifest.xml:15:22-62
21    <uses-permission android:name="android.permission.RECORD_AUDIO" />
21-->src\main\AndroidManifest.xml:16:5-71
21-->src\main\AndroidManifest.xml:16:22-68
22    <uses-permission android:name="Manifest.permission.ACCESS_NOTIFICATION_POLICY" />
22-->src\main\AndroidManifest.xml:17:5-86
22-->src\main\AndroidManifest.xml:17:22-83
23    <uses-permission
23-->src\main\AndroidManifest.xml:18:5-19:38
24        android:name="android.permission.WRITE_EXTERNAL_STORAGE"
24-->src\main\AndroidManifest.xml:18:22-78
25        android:maxSdkVersion="28" />
25-->src\main\AndroidManifest.xml:19:9-35
26    <uses-permission android:name="android.permission.READ_EXTERNAL_STORAGE" />
26-->src\main\AndroidManifest.xml:20:5-80
26-->src\main\AndroidManifest.xml:20:22-77
27    <uses-permission android:name="android.permission.CALL_PHONE" />
27-->src\main\AndroidManifest.xml:22:5-69
27-->src\main\AndroidManifest.xml:22:22-66
28    <uses-permission android:name="android.permission.FOREGROUND_SERVICE" />
28-->src\main\AndroidManifest.xml:23:5-77
28-->src\main\AndroidManifest.xml:23:22-74
29
30    <queries>
30-->src\main\AndroidManifest.xml:26:5-47:15
31        <intent>
31-->src\main\AndroidManifest.xml:27:9-30:18
32            <action android:name="android.intent.action.VIEW" />
32-->src\main\AndroidManifest.xml:28:13-65
32-->src\main\AndroidManifest.xml:28:21-62
33
34            <data android:scheme="http" />
34-->src\main\AndroidManifest.xml:29:13-43
34-->src\main\AndroidManifest.xml:29:19-40
35        </intent>
36        <!-- Camera -->
37        <intent>
37-->src\main\AndroidManifest.xml:32:9-34:18
38            <action android:name="android.media.action.IMAGE_CAPTURE" />
38-->src\main\AndroidManifest.xml:33:13-73
38-->src\main\AndroidManifest.xml:33:21-70
39        </intent>
40        <!-- Gallery -->
41        <intent>
41-->src\main\AndroidManifest.xml:36:9-39:18
42            <action android:name="android.intent.action.GET_CONTENT" />
42-->src\main\AndroidManifest.xml:37:13-72
42-->src\main\AndroidManifest.xml:37:21-69
43
44            <data android:mimeType="image/*" />
44-->src\main\AndroidManifest.xml:29:13-43
44-->src\main\AndroidManifest.xml:38:19-45
45        </intent>
46        <intent>
46-->src\main\AndroidManifest.xml:40:9-43:18
47            <action android:name="android.intent.action.PICK" />
47-->src\main\AndroidManifest.xml:41:13-65
47-->src\main\AndroidManifest.xml:41:21-62
48
49            <data android:mimeType="image/*" />
49-->src\main\AndroidManifest.xml:29:13-43
49-->src\main\AndroidManifest.xml:38:19-45
50        </intent>
51        <intent>
51-->src\main\AndroidManifest.xml:44:9-46:18
52            <action android:name="android.intent.action.CHOOSER" />
52-->src\main\AndroidManifest.xml:45:13-68
52-->src\main\AndroidManifest.xml:45:21-65
53        </intent>
54        <intent>
54-->[com.google.firebase:firebase-inappmessaging-display:20.0.0] AndroidManifest.xml:15:9-19:18
55            <action android:name="android.intent.action.VIEW" />
55-->src\main\AndroidManifest.xml:28:13-65
55-->src\main\AndroidManifest.xml:28:21-62
56
57            <data android:scheme="https" />
57-->src\main\AndroidManifest.xml:29:13-43
57-->src\main\AndroidManifest.xml:29:19-40
58        </intent> <!-- Gallery -->
59        <intent>
59-->[com.github.Drjacky:ImagePicker:2.1.15] AndroidManifest.xml:17:9-23:18
60            <action android:name="android.intent.action.GET_CONTENT" />
60-->src\main\AndroidManifest.xml:37:13-72
60-->src\main\AndroidManifest.xml:37:21-69
61
62            <category android:name="android.intent.category.OPENABLE" />
62-->[com.github.Drjacky:ImagePicker:2.1.15] AndroidManifest.xml:20:13-73
62-->[com.github.Drjacky:ImagePicker:2.1.15] AndroidManifest.xml:20:23-70
63
64            <data android:mimeType="image/*" />
64-->src\main\AndroidManifest.xml:29:13-43
64-->src\main\AndroidManifest.xml:38:19-45
65        </intent> <!-- Needs to be explicitly declared on Android R+ -->
66        <package android:name="com.google.android.apps.maps" />
66-->[com.google.android.gms:play-services-maps:17.0.1] AndroidManifest.xml:33:9-64
66-->[com.google.android.gms:play-services-maps:17.0.1] AndroidManifest.xml:33:18-61
67    </queries>
68
69    <uses-permission android:name="android.permission.WAKE_LOCK" /> <!-- Required by older versions of Google Play services to create IID tokens -->
69-->[com.google.firebase:firebase-messaging:22.0.0] AndroidManifest.xml:23:5-68
69-->[com.google.firebase:firebase-messaging:22.0.0] AndroidManifest.xml:23:22-65
70    <uses-permission android:name="com.google.android.c2dm.permission.RECEIVE" />
70-->[com.google.firebase:firebase-messaging:22.0.0] AndroidManifest.xml:25:5-82
70-->[com.google.firebase:firebase-messaging:22.0.0] AndroidManifest.xml:25:22-79
71    <uses-permission android:name="android.permission.ACCESS_BACKGROUND_LOCATION" /> <!-- Restart -->
71-->[com.roam.sdk:roam-android:0.0.17] AndroidManifest.xml:17:5-85
71-->[com.roam.sdk:roam-android:0.0.17] AndroidManifest.xml:17:22-82
72    <uses-permission android:name="android.permission.RECEIVE_BOOT_COMPLETED" /> <!-- Battery -->
72-->[com.roam.sdk:roam-android:0.0.17] AndroidManifest.xml:19:5-81
72-->[com.roam.sdk:roam-android:0.0.17] AndroidManifest.xml:19:22-78
73    <uses-permission android:name="android.permission.REQUEST_IGNORE_BATTERY_OPTIMIZATIONS" />
73-->[com.roam.sdk:roam-android:0.0.17] AndroidManifest.xml:21:5-95
73-->[com.roam.sdk:roam-android:0.0.17] AndroidManifest.xml:21:22-92
74
75    <uses-feature
75-->[com.google.android.gms:play-services-maps:17.0.1] AndroidManifest.xml:26:5-28:35
76        android:glEsVersion="0x00020000"
76-->[com.google.android.gms:play-services-maps:17.0.1] AndroidManifest.xml:27:9-41
77        android:required="true" />
77-->[com.google.android.gms:play-services-maps:17.0.1] AndroidManifest.xml:28:9-32
78
79    <uses-permission android:name="com.google.android.finsky.permission.BIND_GET_INSTALL_REFERRER_SERVICE" />
79-->[com.google.android.gms:play-services-measurement:19.0.1] AndroidManifest.xml:26:5-110
79-->[com.google.android.gms:play-services-measurement:19.0.1] AndroidManifest.xml:26:22-107
80
81    <application
81-->src\main\AndroidManifest.xml:49:5-156:19
82        android:name="com.celex.rider.AllActivitys.BaseApplication"
82-->src\main\AndroidManifest.xml:53:9-53
83        android:allowBackup="false"
83-->src\main\AndroidManifest.xml:50:9-36
84        android:appComponentFactory="androidx.core.app.CoreComponentFactory"
84-->[androidx.core:core:1.7.0] AndroidManifest.xml:24:18-86
85        android:icon="@mipmap/ic_launcher"
85-->src\main\AndroidManifest.xml:51:9-43
86        android:label="@string/app_name"
86-->src\main\AndroidManifest.xml:52:9-41
87        android:largeHeap="true"
87-->src\main\AndroidManifest.xml:54:9-33
88        android:networkSecurityConfig="@xml/network_security_config"
88-->src\main\AndroidManifest.xml:55:9-69
89        android:requestLegacyExternalStorage="true"
89-->src\main\AndroidManifest.xml:56:9-52
90        android:roundIcon="@mipmap/ic_launcher"
90-->src\main\AndroidManifest.xml:57:9-48
91        android:supportsRtl="true"
91-->src\main\AndroidManifest.xml:58:9-35
92        android:theme="@style/AppTheme" >
92-->src\main\AndroidManifest.xml:59:9-40
93        <activity
93-->src\main\AndroidManifest.xml:62:9-90
94            android:name="com.celex.rider.AllActivitys.DriverActivity"
94-->src\main\AndroidManifest.xml:62:19-62
95            android:exported="true" />
95-->src\main\AndroidManifest.xml:62:65-88
96        <activity
96-->src\main\AndroidManifest.xml:63:9-92
97            android:name="com.celex.rider.AllActivitys.Barcode_scaner_A"
97-->src\main\AndroidManifest.xml:63:19-64
98            android:exported="true" />
98-->src\main\AndroidManifest.xml:63:66-89
99        <activity
99-->src\main\AndroidManifest.xml:64:9-67:52
100            android:name="com.celex.rider.AllActivitys.Wifi_Activity"
100-->src\main\AndroidManifest.xml:65:13-55
101            android:exported="true"
101-->src\main\AndroidManifest.xml:66:47-70
102            android:launchMode="singleTask"
102-->src\main\AndroidManifest.xml:66:13-44
103            android:screenOrientation="portrait" />
103-->src\main\AndroidManifest.xml:67:13-49
104        <activity
104-->src\main\AndroidManifest.xml:68:9-72:59
105            android:name="cat.ereza.customactivityoncrash.activity.DefaultErrorActivity"
105-->src\main\AndroidManifest.xml:69:13-89
106            android:exported="true"
106-->src\main\AndroidManifest.xml:70:48-71
107            android:process=":error_activity"
107-->src\main\AndroidManifest.xml:70:13-46
108            android:screenOrientation="portrait"
108-->src\main\AndroidManifest.xml:71:13-49
109            android:theme="@style/error_activity_theme" />
109-->src\main\AndroidManifest.xml:72:13-56
110        <activity
110-->src\main\AndroidManifest.xml:73:9-75:58
111            android:name="com.celex.rider.AllActivitys.GetSignature_A"
111-->src\main\AndroidManifest.xml:74:13-56
112            android:exported="true"
112-->src\main\AndroidManifest.xml:73:20-43
113            android:windowSoftInputMode="adjustResize" />
113-->src\main\AndroidManifest.xml:75:13-55
114        <activity
114-->src\main\AndroidManifest.xml:76:9-78:58
115            android:name="com.celex.rider.AllActivitys.Verify_Otp_A"
115-->src\main\AndroidManifest.xml:77:13-54
116            android:exported="true"
116-->src\main\AndroidManifest.xml:76:20-43
117            android:windowSoftInputMode="adjustResize" />
117-->src\main\AndroidManifest.xml:78:13-55
118        <activity
118-->src\main\AndroidManifest.xml:79:9-81:58
119            android:name="com.celex.rider.AllActivitys.GetCancelReason_A"
119-->src\main\AndroidManifest.xml:80:13-59
120            android:exported="true"
120-->src\main\AndroidManifest.xml:79:20-43
121            android:windowSoftInputMode="adjustResize" />
121-->src\main\AndroidManifest.xml:81:13-55
122        <activity
122-->src\main\AndroidManifest.xml:82:9-85:52
123            android:name="com.celex.rider.AllActivitys.Enable_location_A"
123-->src\main\AndroidManifest.xml:83:13-59
124            android:exported="true"
124-->src\main\AndroidManifest.xml:82:20-43
125            android:launchMode="singleTask"
125-->src\main\AndroidManifest.xml:84:13-44
126            android:screenOrientation="portrait" />
126-->src\main\AndroidManifest.xml:85:13-49
127        <activity
127-->src\main\AndroidManifest.xml:86:9-89:59
128            android:name="com.theartofdev.edmodo.cropper.CropImageActivity"
128-->src\main\AndroidManifest.xml:87:13-76
129            android:exported="true"
129-->src\main\AndroidManifest.xml:86:20-43
130            android:screenOrientation="portrait"
130-->src\main\AndroidManifest.xml:88:13-49
131            android:theme="@style/Base.Theme.AppCompat" />
131-->src\main\AndroidManifest.xml:89:13-56
132        <activity
132-->src\main\AndroidManifest.xml:90:9-93:47
133            android:name="com.celex.rider.AllActivitys.GetStarted_A"
133-->src\main\AndroidManifest.xml:91:13-54
134            android:exported="true"
134-->src\main\AndroidManifest.xml:90:20-43
135            android:screenOrientation="portrait"
135-->src\main\AndroidManifest.xml:92:13-49
136            android:theme="@style/AppTheme" />
136-->src\main\AndroidManifest.xml:93:13-44
137        <activity
137-->src\main\AndroidManifest.xml:94:9-100:20
138            android:name="com.celex.rider.AllActivitys.Splashscreen_A"
138-->src\main\AndroidManifest.xml:94:45-88
139            android:exported="true" >
139-->src\main\AndroidManifest.xml:94:21-44
140            <intent-filter>
140-->src\main\AndroidManifest.xml:95:13-99:29
141                <action android:name="android.intent.action.MAIN" />
141-->src\main\AndroidManifest.xml:96:17-69
141-->src\main\AndroidManifest.xml:96:25-66
142
143                <category android:name="android.intent.category.LAUNCHER" />
143-->src\main\AndroidManifest.xml:98:17-77
143-->src\main\AndroidManifest.xml:98:27-74
144            </intent-filter>
145        </activity>
146        <activity
146-->src\main\AndroidManifest.xml:101:9-103:52
147            android:name="com.celex.rider.AllActivitys.TripActivity"
147-->src\main\AndroidManifest.xml:102:13-54
148            android:exported="true"
148-->src\main\AndroidManifest.xml:101:20-43
149            android:screenOrientation="portrait" />
149-->src\main\AndroidManifest.xml:103:13-49
150        <activity
150-->src\main\AndroidManifest.xml:104:9-108:58
151            android:name="com.celex.rider.AllActivitys.MainActivity"
151-->src\main\AndroidManifest.xml:106:13-54
152            android:exported="true"
152-->src\main\AndroidManifest.xml:105:13-36
153            android:screenOrientation="portrait"
153-->src\main\AndroidManifest.xml:107:13-49
154            android:windowSoftInputMode="adjustResize" />
154-->src\main\AndroidManifest.xml:108:13-55
155
156        <meta-data
156-->src\main\AndroidManifest.xml:110:9-112:69
157            android:name="com.google.android.gms.version"
157-->src\main\AndroidManifest.xml:111:13-58
158            android:value="@integer/google_play_services_version" />
158-->src\main\AndroidManifest.xml:112:13-66
159        <meta-data
159-->src\main\AndroidManifest.xml:113:9-115:71
160            android:name="com.google.android.geo.API_KEY"
160-->src\main\AndroidManifest.xml:114:13-58
161            android:value="AIzaSyAvlP1l2JB-5J93HXQRKUAZ7lsqu9F5Uf4" />
161-->src\main\AndroidManifest.xml:115:13-68
162        <meta-data
162-->src\main\AndroidManifest.xml:116:9-118:57
163            android:name="preloaded_fonts"
163-->src\main\AndroidManifest.xml:117:13-43
164            android:resource="@array/preloaded_fonts" />
164-->src\main\AndroidManifest.xml:118:13-54
165
166        <provider
167            android:name="androidx.core.content.FileProvider"
167-->src\main\AndroidManifest.xml:121:13-62
168            android:authorities="com.celex.rider.fileprovider"
168-->src\main\AndroidManifest.xml:122:13-63
169            android:exported="false"
169-->src\main\AndroidManifest.xml:123:13-37
170            android:grantUriPermissions="true" >
170-->src\main\AndroidManifest.xml:124:13-47
171            <meta-data
171-->src\main\AndroidManifest.xml:125:13-127:54
172                android:name="android.support.FILE_PROVIDER_PATHS"
172-->src\main\AndroidManifest.xml:126:17-67
173                android:resource="@xml/file_paths" />
173-->src\main\AndroidManifest.xml:127:17-51
174        </provider>
175
176        <service
176-->src\main\AndroidManifest.xml:130:9-137:19
177            android:name="com.celex.rider.Firebase_Notification.MyFirebaseMessagingService"
177-->src\main\AndroidManifest.xml:131:13-77
178            android:exported="false"
178-->src\main\AndroidManifest.xml:133:13-37
179            android:stopWithTask="false" >
179-->src\main\AndroidManifest.xml:132:13-41
180            <intent-filter>
180-->src\main\AndroidManifest.xml:134:13-136:29
181                <action android:name="com.google.firebase.MESSAGING_EVENT" />
181-->src\main\AndroidManifest.xml:135:17-78
181-->src\main\AndroidManifest.xml:135:25-75
182            </intent-filter>
183        </service>
184        <service
184-->src\main\AndroidManifest.xml:138:9-141:56
185            android:name="com.celex.rider.service.ForegroundService"
185-->src\main\AndroidManifest.xml:139:13-54
186            android:exported="false"
186-->src\main\AndroidManifest.xml:140:13-37
187            android:foregroundServiceType="location" />
187-->src\main\AndroidManifest.xml:141:13-53
188
189        <uses-library
189-->src\main\AndroidManifest.xml:143:9-145:40
190            android:name="org.apache.http.legacy"
190-->src\main\AndroidManifest.xml:144:13-50
191            android:required="false" />
191-->src\main\AndroidManifest.xml:145:13-37
192
193        <provider
194            android:name="androidx.core.content.FileProvider"
194-->src\main\AndroidManifest.xml:121:13-62
195            android:authorities="com.celex.rider.provider"
195-->src\main\AndroidManifest.xml:122:13-63
196            android:exported="false"
196-->src\main\AndroidManifest.xml:123:13-37
197            android:grantUriPermissions="true" >
197-->src\main\AndroidManifest.xml:124:13-47
198            <meta-data
198-->src\main\AndroidManifest.xml:125:13-127:54
199                android:name="android.support.FILE_PROVIDER_PATHS"
199-->src\main\AndroidManifest.xml:126:17-67
200                android:resource="@xml/file_paths" />
200-->src\main\AndroidManifest.xml:127:17-51
201        </provider>
202
203        <service
203-->[com.google.firebase:firebase-inappmessaging-display:20.0.0] AndroidManifest.xml:23:9-29:19
204            android:name="com.google.firebase.components.ComponentDiscoveryService"
204-->[com.google.firebase:firebase-inappmessaging-display:20.0.0] AndroidManifest.xml:24:13-84
205            android:directBootAware="true"
205-->[com.google.firebase:firebase-common:20.0.0] AndroidManifest.xml:35:13-43
206            android:exported="false" >
206-->[com.google.firebase:firebase-inappmessaging-display:20.0.0] AndroidManifest.xml:25:13-37
207            <meta-data
207-->[com.google.firebase:firebase-inappmessaging-display:20.0.0] AndroidManifest.xml:26:13-28:85
208                android:name="com.google.firebase.components:com.google.firebase.inappmessaging.display.FirebaseInAppMessagingDisplayRegistrar"
208-->[com.google.firebase:firebase-inappmessaging-display:20.0.0] AndroidManifest.xml:27:17-144
209                android:value="com.google.firebase.components.ComponentRegistrar" />
209-->[com.google.firebase:firebase-inappmessaging-display:20.0.0] AndroidManifest.xml:28:17-82
210            <meta-data
210-->[com.google.firebase:firebase-messaging:22.0.0] AndroidManifest.xml:52:13-54:85
211                android:name="com.google.firebase.components:com.google.firebase.messaging.FirebaseMessagingRegistrar"
211-->[com.google.firebase:firebase-messaging:22.0.0] AndroidManifest.xml:53:17-119
212                android:value="com.google.firebase.components.ComponentRegistrar" />
212-->[com.google.firebase:firebase-messaging:22.0.0] AndroidManifest.xml:54:17-82
213            <meta-data
213-->[com.google.firebase:firebase-auth:21.0.1] AndroidManifest.xml:77:13-79:85
214                android:name="com.google.firebase.components:com.google.firebase.auth.FirebaseAuthRegistrar"
214-->[com.google.firebase:firebase-auth:21.0.1] AndroidManifest.xml:78:17-109
215                android:value="com.google.firebase.components.ComponentRegistrar" />
215-->[com.google.firebase:firebase-auth:21.0.1] AndroidManifest.xml:79:17-82
216            <meta-data
216-->[com.google.firebase:firebase-database:20.0.2] AndroidManifest.xml:32:13-34:85
217                android:name="com.google.firebase.components:com.google.firebase.database.DatabaseRegistrar"
217-->[com.google.firebase:firebase-database:20.0.2] AndroidManifest.xml:33:17-109
218                android:value="com.google.firebase.components.ComponentRegistrar" />
218-->[com.google.firebase:firebase-database:20.0.2] AndroidManifest.xml:34:17-82
219            <meta-data
219-->[com.google.firebase:firebase-storage:20.0.0] AndroidManifest.xml:33:13-35:85
220                android:name="com.google.firebase.components:com.google.firebase.storage.StorageRegistrar"
220-->[com.google.firebase:firebase-storage:20.0.0] AndroidManifest.xml:34:17-107
221                android:value="com.google.firebase.components.ComponentRegistrar" />
221-->[com.google.firebase:firebase-storage:20.0.0] AndroidManifest.xml:35:17-82
222            <meta-data
222-->[com.google.firebase:firebase-crashlytics:18.2.1] AndroidManifest.xml:18:13-20:85
223                android:name="com.google.firebase.components:com.google.firebase.crashlytics.CrashlyticsRegistrar"
223-->[com.google.firebase:firebase-crashlytics:18.2.1] AndroidManifest.xml:19:17-115
224                android:value="com.google.firebase.components.ComponentRegistrar" />
224-->[com.google.firebase:firebase-crashlytics:18.2.1] AndroidManifest.xml:20:17-82
225            <meta-data
225-->[com.google.android.gms:play-services-measurement-api:19.0.1] AndroidManifest.xml:30:13-32:85
226                android:name="com.google.firebase.components:com.google.firebase.analytics.connector.internal.AnalyticsConnectorRegistrar"
226-->[com.google.android.gms:play-services-measurement-api:19.0.1] AndroidManifest.xml:31:17-139
227                android:value="com.google.firebase.components.ComponentRegistrar" />
227-->[com.google.android.gms:play-services-measurement-api:19.0.1] AndroidManifest.xml:32:17-82
228            <meta-data
228-->[com.google.firebase:firebase-inappmessaging:20.0.0] AndroidManifest.xml:17:13-19:85
229                android:name="com.google.firebase.components:com.google.firebase.inappmessaging.FirebaseInAppMessagingRegistrar"
229-->[com.google.firebase:firebase-inappmessaging:20.0.0] AndroidManifest.xml:18:17-129
230                android:value="com.google.firebase.components.ComponentRegistrar" />
230-->[com.google.firebase:firebase-inappmessaging:20.0.0] AndroidManifest.xml:19:17-82
231            <meta-data
231-->[com.google.firebase:firebase-datatransport:18.0.0] AndroidManifest.xml:28:13-30:85
232                android:name="com.google.firebase.components:com.google.firebase.datatransport.TransportRegistrar"
232-->[com.google.firebase:firebase-datatransport:18.0.0] AndroidManifest.xml:29:17-115
233                android:value="com.google.firebase.components.ComponentRegistrar" />
233-->[com.google.firebase:firebase-datatransport:18.0.0] AndroidManifest.xml:30:17-82
234            <meta-data
234-->[com.google.firebase:firebase-installations:17.0.0] AndroidManifest.xml:18:13-20:85
235                android:name="com.google.firebase.components:com.google.firebase.installations.FirebaseInstallationsRegistrar"
235-->[com.google.firebase:firebase-installations:17.0.0] AndroidManifest.xml:19:17-127
236                android:value="com.google.firebase.components.ComponentRegistrar" />
236-->[com.google.firebase:firebase-installations:17.0.0] AndroidManifest.xml:20:17-82
237            <meta-data
237-->[com.google.firebase:firebase-abt:21.0.0] AndroidManifest.xml:13:13-15:85
238                android:name="com.google.firebase.components:com.google.firebase.abt.component.AbtRegistrar"
238-->[com.google.firebase:firebase-abt:21.0.0] AndroidManifest.xml:14:17-109
239                android:value="com.google.firebase.components.ComponentRegistrar" />
239-->[com.google.firebase:firebase-abt:21.0.0] AndroidManifest.xml:15:17-82
240        </service>
241
242        <provider
242-->[cat.ereza:customactivityoncrash:2.3.0] AndroidManifest.xml:16:9-20:39
243            android:name="cat.ereza.customactivityoncrash.provider.CaocInitProvider"
243-->[cat.ereza:customactivityoncrash:2.3.0] AndroidManifest.xml:17:13-85
244            android:authorities="com.celex.rider.customactivityoncrashinitprovider"
244-->[cat.ereza:customactivityoncrash:2.3.0] AndroidManifest.xml:18:13-85
245            android:exported="false"
245-->[cat.ereza:customactivityoncrash:2.3.0] AndroidManifest.xml:19:13-37
246            android:initOrder="101" />
246-->[cat.ereza:customactivityoncrash:2.3.0] AndroidManifest.xml:20:13-36
247
248        <activity
248-->[com.github.Drjacky:ImagePicker:2.1.15] AndroidManifest.xml:39:9-42:68
249            android:name="com.github.drjacky.imagepicker.ImagePickerActivity"
249-->[com.github.Drjacky:ImagePicker:2.1.15] AndroidManifest.xml:40:13-78
250            android:screenOrientation="unspecified"
250-->[com.github.Drjacky:ImagePicker:2.1.15] AndroidManifest.xml:41:13-52
251            android:theme="@style/Theme.Transparent.ImagePicker" />
251-->[com.github.Drjacky:ImagePicker:2.1.15] AndroidManifest.xml:42:13-65
252        <activity
252-->[com.github.Drjacky:ImagePicker:2.1.15] AndroidManifest.xml:43:9-46:72
253            android:name="com.yalantis.ucrop.UCropActivity"
253-->[com.github.Drjacky:ImagePicker:2.1.15] AndroidManifest.xml:44:13-60
254            android:screenOrientation="portrait"
254-->[com.github.Drjacky:ImagePicker:2.1.15] AndroidManifest.xml:45:13-49
255            android:theme="@style/Theme.AppCompat.Light.NoActionBar" />
255-->[com.github.Drjacky:ImagePicker:2.1.15] AndroidManifest.xml:46:13-69
256
257        <provider
257-->[com.github.Drjacky:ImagePicker:2.1.15] AndroidManifest.xml:48:9-56:20
258            android:name="com.github.drjacky.imagepicker.ImagePickerFileProvider"
258-->[com.github.Drjacky:ImagePicker:2.1.15] AndroidManifest.xml:49:13-82
259            android:authorities="com.celex.rider.imagepicker.provider"
259-->[com.github.Drjacky:ImagePicker:2.1.15] AndroidManifest.xml:50:13-72
260            android:exported="false"
260-->[com.github.Drjacky:ImagePicker:2.1.15] AndroidManifest.xml:51:13-37
261            android:grantUriPermissions="true" >
261-->[com.github.Drjacky:ImagePicker:2.1.15] AndroidManifest.xml:52:13-47
262            <meta-data
262-->src\main\AndroidManifest.xml:125:13-127:54
263                android:name="android.support.FILE_PROVIDER_PATHS"
263-->src\main\AndroidManifest.xml:126:17-67
264                android:resource="@xml/image_picker_provider_paths" />
264-->src\main\AndroidManifest.xml:127:17-51
265        </provider>
266
267        <receiver
267-->[com.google.firebase:firebase-messaging:22.0.0] AndroidManifest.xml:28:9-35:20
268            android:name="com.google.firebase.iid.FirebaseInstanceIdReceiver"
268-->[com.google.firebase:firebase-messaging:22.0.0] AndroidManifest.xml:29:13-78
269            android:exported="true"
269-->[com.google.firebase:firebase-messaging:22.0.0] AndroidManifest.xml:30:13-36
270            android:permission="com.google.android.c2dm.permission.SEND" >
270-->[com.google.firebase:firebase-messaging:22.0.0] AndroidManifest.xml:31:13-73
271            <intent-filter>
271-->[com.google.firebase:firebase-messaging:22.0.0] AndroidManifest.xml:32:13-34:29
272                <action android:name="com.google.android.c2dm.intent.RECEIVE" />
272-->[com.google.firebase:firebase-messaging:22.0.0] AndroidManifest.xml:33:17-81
272-->[com.google.firebase:firebase-messaging:22.0.0] AndroidManifest.xml:33:25-78
273            </intent-filter>
274        </receiver>
275        <!--
276             FirebaseMessagingService performs security checks at runtime,
277             but set to not exported to explicitly avoid allowing another app to call it.
278        -->
279        <service
279-->[com.google.firebase:firebase-messaging:22.0.0] AndroidManifest.xml:41:9-48:19
280            android:name="com.google.firebase.messaging.FirebaseMessagingService"
280-->[com.google.firebase:firebase-messaging:22.0.0] AndroidManifest.xml:42:13-82
281            android:directBootAware="true"
281-->[com.google.firebase:firebase-messaging:22.0.0] AndroidManifest.xml:43:13-43
282            android:exported="false" >
282-->[com.google.firebase:firebase-messaging:22.0.0] AndroidManifest.xml:44:13-37
283            <intent-filter android:priority="-500" >
283-->src\main\AndroidManifest.xml:134:13-136:29
284                <action android:name="com.google.firebase.MESSAGING_EVENT" />
284-->src\main\AndroidManifest.xml:135:17-78
284-->src\main\AndroidManifest.xml:135:25-75
285            </intent-filter>
286        </service>
287
288        <activity
288-->[com.google.firebase:firebase-auth:21.0.1] AndroidManifest.xml:27:9-44:20
289            android:name="com.google.firebase.auth.internal.GenericIdpActivity"
289-->[com.google.firebase:firebase-auth:21.0.1] AndroidManifest.xml:28:13-80
290            android:excludeFromRecents="true"
290-->[com.google.firebase:firebase-auth:21.0.1] AndroidManifest.xml:29:13-46
291            android:exported="true"
291-->[com.google.firebase:firebase-auth:21.0.1] AndroidManifest.xml:30:13-36
292            android:launchMode="singleTask"
292-->[com.google.firebase:firebase-auth:21.0.1] AndroidManifest.xml:31:13-44
293            android:theme="@android:style/Theme.Translucent.NoTitleBar" >